PhyloPyPruner version 0.9.7
Tuesday, 02. March 2021 11:22AM
-------------------------------


Alignment statistics:
  Description                        Input      Output  
  No. of alignments                     8256      12144
  No. of sequences                    470617     165991
  No. of OTUs                             51         51
  Avg no. of sequences / alignment        57         13
  Avg no. of OTUs / alignment             32         13
  Avg sequence length (ungapped)         276        295
  Shortest sequence (ungapped)            84        100
  Longest sequence (ungapped)          12246      11931
  % missing data                       69.30      84.10
  Concatenated alignment length      6827034    7697091

Methods summary:
  Description                   No. removed    % of input
  Short sequences                4734             1.01
  Long branches                 42804             9.10
  Ultrashort distance pairs     24765             5.26
  Divergent sequences          163356            34.71
  Collapsed nodes                   0             0.00
  OTUs < occupancy threshold        0             0.00
  Genes < occupancy threshold       0             0.00

Reuse these parameters:
/Users/oakley/anaconda3/envs/phylopy/lib/python3.6/site-packages/phylopypruner/__main__.py --dir /Users/oakley/Documents/GitHub/Cypridinidae_phylogeny/orthologs/phylopydir --min-taxa 5 --min-len 100 --mask pdist --trim-lb 3 --trim-divergent 0.75 --trim-freq-paralogs 7 --min-pdist 0.01 --prune MI --outgroup Dstev_ENA --no-plot --overwrite

completed in 4542.49 seconds